<?xml version="1.0" encoding="UTF-8"?>
<testsuite xmlns:xsi="http://www.w3.org/2001/XMLSchema-instance" xsi:noNamespaceSchemaLocation="https://maven.apache.org/surefire/maven-surefire-plugin/xsd/surefire-test-report-3.0.xsd" version="3.0" name="TestSuite" time="0.286" tests="6" errors="0" skipped="0" failures="0">
  <properties>
    <property name="gopherProxySet" value="false"/>
    <property name="awt.toolkit" value="sun.lwawt.macosx.LWCToolkit"/>
    <property name="java.specification.version" value="11"/>
    <property name="sun.cpu.isalist" value=""/>
    <property name="sun.jnu.encoding" value="UTF-8"/>
    <property name="java.class.path" value="/Users/shaliniadal/workspace/MavenTest/target/test-classes:/Users/shaliniadal/workspace/MavenTest/target/classes:/Users/shaliniadal/.m2/repository/junit/junit/4.11/junit-4.11.jar:/Users/shaliniadal/.m2/repository/org/hamcrest/hamcrest-core/1.3/hamcrest-core-1.3.jar:/Users/shaliniadal/.m2/repository/org/testng/testng/7.3.0/testng-7.3.0.jar:/Users/shaliniadal/.m2/repository/com/beust/jcommander/1.78/jcommander-1.78.jar:/Users/shaliniadal/.m2/repository/org/apache/ant/ant/1.10.3/ant-1.10.3.jar:/Users/shaliniadal/.m2/repository/org/apache/ant/ant-launcher/1.10.3/ant-launcher-1.10.3.jar:/Users/shaliniadal/.m2/repository/com/google/inject/guice/4.2.2/guice-4.2.2-no_aop.jar:/Users/shaliniadal/.m2/repository/javax/inject/javax.inject/1/javax.inject-1.jar:/Users/shaliniadal/.m2/repository/aopalliance/aopalliance/1.0/aopalliance-1.0.jar:/Users/shaliniadal/.m2/repository/com/google/guava/guava/25.1-android/guava-25.1-android.jar:/Users/shaliniadal/.m2/repository/com/google/code/findbugs/jsr305/3.0.2/jsr305-3.0.2.jar:/Users/shaliniadal/.m2/repository/org/checkerframework/checker-compat-qual/2.0.0/checker-compat-qual-2.0.0.jar:/Users/shaliniadal/.m2/repository/com/google/errorprone/error_prone_annotations/2.1.3/error_prone_annotations-2.1.3.jar:/Users/shaliniadal/.m2/repository/com/google/j2objc/j2objc-annotations/1.1/j2objc-annotations-1.1.jar:/Users/shaliniadal/.m2/repository/org/codehaus/mojo/animal-sniffer-annotations/1.14/animal-sniffer-annotations-1.14.jar:/Users/shaliniadal/.m2/repository/org/yaml/snakeyaml/1.21/snakeyaml-1.21.jar:/Users/shaliniadal/.m2/repository/org/seleniumhq/selenium/selenium-java/4.0.0-alpha-6/selenium-java-4.0.0-alpha-6.jar:/Users/shaliniadal/.m2/repository/org/seleniumhq/selenium/selenium-api/4.0.0-alpha-6/selenium-api-4.0.0-alpha-6.jar:/Users/shaliniadal/.m2/repository/org/seleniumhq/selenium/selenium-chrome-driver/4.0.0-alpha-6/selenium-chrome-driver-4.0.0-alpha-6.jar:/Users/shaliniadal/.m2/repository/com/google/auto/service/auto-service-annotations/1.0-rc6/auto-service-annotations-1.0-rc6.jar:/Users/shaliniadal/.m2/repository/com/google/auto/service/auto-service/1.0-rc6/auto-service-1.0-rc6.jar:/Users/shaliniadal/.m2/repository/com/google/auto/auto-common/0.10/auto-common-0.10.jar:/Users/shaliniadal/.m2/repository/org/seleniumhq/selenium/selenium-chromium-driver/4.0.0-alpha-6/selenium-chromium-driver-4.0.0-alpha-6.jar:/Users/shaliniadal/.m2/repository/org/seleniumhq/selenium/selenium-devtools/4.0.0-alpha-6/selenium-devtools-4.0.0-alpha-6.jar:/Users/shaliniadal/.m2/repository/org/seleniumhq/selenium/selenium-http/4.0.0-alpha-6/selenium-http-4.0.0-alpha-6.jar:/Users/shaliniadal/.m2/repository/org/seleniumhq/selenium/selenium-json/4.0.0-alpha-6/selenium-json-4.0.0-alpha-6.jar:/Users/shaliniadal/.m2/repository/org/seleniumhq/selenium/selenium-edge-driver/4.0.0-alpha-6/selenium-edge-driver-4.0.0-alpha-6.jar:/Users/shaliniadal/.m2/repository/org/seleniumhq/selenium/selenium-edgehtml-driver/4.0.0-alpha-6/selenium-edgehtml-driver-4.0.0-alpha-6.jar:/Users/shaliniadal/.m2/repository/org/seleniumhq/selenium/selenium-firefox-driver/4.0.0-alpha-6/selenium-firefox-driver-4.0.0-alpha-6.jar:/Users/shaliniadal/.m2/repository/org/seleniumhq/selenium/selenium-firefox-xpi-driver/4.0.0-alpha-6/selenium-firefox-xpi-driver-4.0.0-alpha-6.jar:/Users/shaliniadal/.m2/repository/org/seleniumhq/selenium/selenium-ie-driver/4.0.0-alpha-6/selenium-ie-driver-4.0.0-alpha-6.jar:/Users/shaliniadal/.m2/repository/org/seleniumhq/selenium/selenium-opera-driver/4.0.0-alpha-6/selenium-opera-driver-4.0.0-alpha-6.jar:/Users/shaliniadal/.m2/repository/org/seleniumhq/selenium/selenium-remote-driver/4.0.0-alpha-6/selenium-remote-driver-4.0.0-alpha-6.jar:/Users/shaliniadal/.m2/repository/com/squareup/okhttp3/okhttp/4.5.0/okhttp-4.5.0.jar:/Users/shaliniadal/.m2/repository/org/jetbrains/kotlin/kotlin-stdlib/1.3.70/kotlin-stdlib-1.3.70.jar:/Users/shaliniadal/.m2/repository/org/jetbrains/annotations/13.0/annotations-13.0.jar:/Users/shaliniadal/.m2/repository/com/squareup/okio/okio/2.6.0/okio-2.6.0.jar:/Users/shaliniadal/.m2/repository/org/jetbrains/kotlin/kotlin-stdlib-common/1.3.70/kotlin-stdlib-common-1.3.70.jar:/Users/shaliniadal/.m2/repository/com/typesafe/netty/netty-reactive-streams/2.0.4/netty-reactive-streams-2.0.4.jar:/Users/shaliniadal/.m2/repository/io/netty/netty-handler/4.1.43.Final/netty-handler-4.1.43.Final.jar:/Users/shaliniadal/.m2/repository/org/reactivestreams/reactive-streams/1.0.3/reactive-streams-1.0.3.jar:/Users/shaliniadal/.m2/repository/io/grpc/grpc-context/1.28.0/grpc-context-1.28.0.jar:/Users/shaliniadal/.m2/repository/io/netty/netty-buffer/4.1.49.Final/netty-buffer-4.1.49.Final.jar:/Users/shaliniadal/.m2/repository/io/netty/netty-common/4.1.49.Final/netty-common-4.1.49.Final.jar:/Users/shaliniadal/.m2/repository/io/netty/netty-codec-http/4.1.49.Final/netty-codec-http-4.1.49.Final.jar:/Users/shaliniadal/.m2/repository/io/netty/netty-codec/4.1.49.Final/netty-codec-4.1.49.Final.jar:/Users/shaliniadal/.m2/repository/io/netty/netty-transport-native-epoll/4.1.49.Final/netty-transport-native-epoll-4.1.49.Final.jar:/Users/shaliniadal/.m2/repository/io/netty/netty-transport-native-epoll/4.1.49.Final/netty-transport-native-epoll-4.1.49.Final-linux-x86_64.jar:/Users/shaliniadal/.m2/repository/io/netty/netty-transport-native-kqueue/4.1.49.Final/netty-transport-native-kqueue-4.1.49.Final.jar:/Users/shaliniadal/.m2/repository/io/netty/netty-transport-native-kqueue/4.1.49.Final/netty-transport-native-kqueue-4.1.49.Final-osx-x86_64.jar:/Users/shaliniadal/.m2/repository/io/netty/netty-transport-native-unix-common/4.1.49.Final/netty-transport-native-unix-common-4.1.49.Final.jar:/Users/shaliniadal/.m2/repository/io/netty/netty-transport/4.1.49.Final/netty-transport-4.1.49.Final.jar:/Users/shaliniadal/.m2/repository/io/netty/netty-resolver/4.1.49.Final/netty-resolver-4.1.49.Final.jar:/Users/shaliniadal/.m2/repository/io/opentelemetry/opentelemetry-api/0.4.0/opentelemetry-api-0.4.0.jar:/Users/shaliniadal/.m2/repository/io/opentelemetry/opentelemetry-context-prop/0.4.0/opentelemetry-context-prop-0.4.0.jar:/Users/shaliniadal/.m2/repository/io/opentelemetry/opentelemetry-sdk/0.4.0/opentelemetry-sdk-0.4.0.jar:/Users/shaliniadal/.m2/repository/io/projectreactor/netty/reactor-netty/0.9.6.RELEASE/reactor-netty-0.9.6.RELEASE.jar:/Users/shaliniadal/.m2/repository/io/netty/netty-codec-http2/4.1.48.Final/netty-codec-http2-4.1.48.Final.jar:/Users/shaliniadal/.m2/repository/io/netty/netty-handler-proxy/4.1.48.Final/netty-handler-proxy-4.1.48.Final.jar:/Users/shaliniadal/.m2/repository/io/projectreactor/reactor-core/3.3.5.RELEASE/reactor-core-3.3.5.RELEASE.jar:/Users/shaliniadal/.m2/repository/net/bytebuddy/byte-buddy/1.10.9/byte-buddy-1.10.9.jar:/Users/shaliniadal/.m2/repository/org/apache/commons/commons-exec/1.3/commons-exec-1.3.jar:/Users/shaliniadal/.m2/repository/org/asynchttpclient/async-http-client/2.12.1/async-http-client-2.12.1.jar:/Users/shaliniadal/.m2/repository/org/asynchttpclient/async-http-client-netty-utils/2.12.1/async-http-client-netty-utils-2.12.1.jar:/Users/shaliniadal/.m2/repository/io/netty/netty-codec-socks/4.1.48.Final/netty-codec-socks-4.1.48.Final.jar:/Users/shaliniadal/.m2/repository/org/slf4j/slf4j-api/1.7.30/slf4j-api-1.7.30.jar:/Users/shaliniadal/.m2/repository/com/sun/activation/javax.activation/1.2.0/javax.activation-1.2.0.jar:/Users/shaliniadal/.m2/repository/org/seleniumhq/selenium/selenium-safari-driver/4.0.0-alpha-6/selenium-safari-driver-4.0.0-alpha-6.jar:/Users/shaliniadal/.m2/repository/org/seleniumhq/selenium/selenium-support/4.0.0-alpha-6/selenium-support-4.0.0-alpha-6.jar:/Users/shaliniadal/.m2/repository/org/apache/poi/poi/4.1.2/poi-4.1.2.jar:/Users/shaliniadal/.m2/repository/commons-codec/commons-codec/1.13/commons-codec-1.13.jar:/Users/shaliniadal/.m2/repository/org/apache/commons/commons-collections4/4.4/commons-collections4-4.4.jar:/Users/shaliniadal/.m2/repository/org/apache/commons/commons-math3/3.6.1/commons-math3-3.6.1.jar:/Users/shaliniadal/.m2/repository/com/zaxxer/SparseBitSet/1.2/SparseBitSet-1.2.jar:/Users/shaliniadal/.m2/repository/org/apache/poi/poi-ooxml/4.1.2/poi-ooxml-4.1.2.jar:/Users/shaliniadal/.m2/repository/org/apache/commons/commons-compress/1.19/commons-compress-1.19.jar:/Users/shaliniadal/.m2/repository/com/github/virtuald/curvesapi/1.06/curvesapi-1.06.jar:/Users/shaliniadal/.m2/repository/org/apache/poi/poi-ooxml-schemas/4.1.2/poi-ooxml-schemas-4.1.2.jar:/Users/shaliniadal/.m2/repository/org/apache/xmlbeans/xmlbeans/3.1.0/xmlbeans-3.1.0.jar:"/>
    <property name="java.vm.vendor" value="Oracle Corporation"/>
    <property name="sun.arch.data.model" value="64"/>
    <property name="java.vendor.url" value="http://java.oracle.com/"/>
    <property name="user.timezone" value="Europe/London"/>
    <property name="java.vm.specification.version" value="11"/>
    <property name="os.name" value="Mac OS X"/>
    <property name="sun.java.launcher" value="SUN_STANDARD"/>
    <property name="user.country" value="GB"/>
    <property name="sun.boot.library.path" value="/Library/Java/JavaVirtualMachines/jdk-11.0.3.jdk/Contents/Home/lib"/>
    <property name="sun.java.command" value="/Users/shaliniadal/workspace/MavenTest/target/surefire/surefirebooter6021106914228686600.jar /Users/shaliniadal/workspace/MavenTest/target/surefire 2020-08-07T01-31-06_115-jvmRun1 surefire9401119221486635520tmp surefire_015837345476616507389tmp"/>
    <property name="http.nonProxyHosts" value="local|*.local|169.254/16|*.169.254/16"/>
    <property name="jdk.debug" value="release"/>
    <property name="surefire.test.class.path" value="/Users/shaliniadal/workspace/MavenTest/target/test-classes:/Users/shaliniadal/workspace/MavenTest/target/classes:/Users/shaliniadal/.m2/repository/junit/junit/4.11/junit-4.11.jar:/Users/shaliniadal/.m2/repository/org/hamcrest/hamcrest-core/1.3/hamcrest-core-1.3.jar:/Users/shaliniadal/.m2/repository/org/testng/testng/7.3.0/testng-7.3.0.jar:/Users/shaliniadal/.m2/repository/com/beust/jcommander/1.78/jcommander-1.78.jar:/Users/shaliniadal/.m2/repository/org/apache/ant/ant/1.10.3/ant-1.10.3.jar:/Users/shaliniadal/.m2/repository/org/apache/ant/ant-launcher/1.10.3/ant-launcher-1.10.3.jar:/Users/shaliniadal/.m2/repository/com/google/inject/guice/4.2.2/guice-4.2.2-no_aop.jar:/Users/shaliniadal/.m2/repository/javax/inject/javax.inject/1/javax.inject-1.jar:/Users/shaliniadal/.m2/repository/aopalliance/aopalliance/1.0/aopalliance-1.0.jar:/Users/shaliniadal/.m2/repository/com/google/guava/guava/25.1-android/guava-25.1-android.jar:/Users/shaliniadal/.m2/repository/com/google/code/findbugs/jsr305/3.0.2/jsr305-3.0.2.jar:/Users/shaliniadal/.m2/repository/org/checkerframework/checker-compat-qual/2.0.0/checker-compat-qual-2.0.0.jar:/Users/shaliniadal/.m2/repository/com/google/errorprone/error_prone_annotations/2.1.3/error_prone_annotations-2.1.3.jar:/Users/shaliniadal/.m2/repository/com/google/j2objc/j2objc-annotations/1.1/j2objc-annotations-1.1.jar:/Users/shaliniadal/.m2/repository/org/codehaus/mojo/animal-sniffer-annotations/1.14/animal-sniffer-annotations-1.14.jar:/Users/shaliniadal/.m2/repository/org/yaml/snakeyaml/1.21/snakeyaml-1.21.jar:/Users/shaliniadal/.m2/repository/org/seleniumhq/selenium/selenium-java/4.0.0-alpha-6/selenium-java-4.0.0-alpha-6.jar:/Users/shaliniadal/.m2/repository/org/seleniumhq/selenium/selenium-api/4.0.0-alpha-6/selenium-api-4.0.0-alpha-6.jar:/Users/shaliniadal/.m2/repository/org/seleniumhq/selenium/selenium-chrome-driver/4.0.0-alpha-6/selenium-chrome-driver-4.0.0-alpha-6.jar:/Users/shaliniadal/.m2/repository/com/google/auto/service/auto-service-annotations/1.0-rc6/auto-service-annotations-1.0-rc6.jar:/Users/shaliniadal/.m2/repository/com/google/auto/service/auto-service/1.0-rc6/auto-service-1.0-rc6.jar:/Users/shaliniadal/.m2/repository/com/google/auto/auto-common/0.10/auto-common-0.10.jar:/Users/shaliniadal/.m2/repository/org/seleniumhq/selenium/selenium-chromium-driver/4.0.0-alpha-6/selenium-chromium-driver-4.0.0-alpha-6.jar:/Users/shaliniadal/.m2/repository/org/seleniumhq/selenium/selenium-devtools/4.0.0-alpha-6/selenium-devtools-4.0.0-alpha-6.jar:/Users/shaliniadal/.m2/repository/org/seleniumhq/selenium/selenium-http/4.0.0-alpha-6/selenium-http-4.0.0-alpha-6.jar:/Users/shaliniadal/.m2/repository/org/seleniumhq/selenium/selenium-json/4.0.0-alpha-6/selenium-json-4.0.0-alpha-6.jar:/Users/shaliniadal/.m2/repository/org/seleniumhq/selenium/selenium-edge-driver/4.0.0-alpha-6/selenium-edge-driver-4.0.0-alpha-6.jar:/Users/shaliniadal/.m2/repository/org/seleniumhq/selenium/selenium-edgehtml-driver/4.0.0-alpha-6/selenium-edgehtml-driver-4.0.0-alpha-6.jar:/Users/shaliniadal/.m2/repository/org/seleniumhq/selenium/selenium-firefox-driver/4.0.0-alpha-6/selenium-firefox-driver-4.0.0-alpha-6.jar:/Users/shaliniadal/.m2/repository/org/seleniumhq/selenium/selenium-firefox-xpi-driver/4.0.0-alpha-6/selenium-firefox-xpi-driver-4.0.0-alpha-6.jar:/Users/shaliniadal/.m2/repository/org/seleniumhq/selenium/selenium-ie-driver/4.0.0-alpha-6/selenium-ie-driver-4.0.0-alpha-6.jar:/Users/shaliniadal/.m2/repository/org/seleniumhq/selenium/selenium-opera-driver/4.0.0-alpha-6/selenium-opera-driver-4.0.0-alpha-6.jar:/Users/shaliniadal/.m2/repository/org/seleniumhq/selenium/selenium-remote-driver/4.0.0-alpha-6/selenium-remote-driver-4.0.0-alpha-6.jar:/Users/shaliniadal/.m2/repository/com/squareup/okhttp3/okhttp/4.5.0/okhttp-4.5.0.jar:/Users/shaliniadal/.m2/repository/org/jetbrains/kotlin/kotlin-stdlib/1.3.70/kotlin-stdlib-1.3.70.jar:/Users/shaliniadal/.m2/repository/org/jetbrains/annotations/13.0/annotations-13.0.jar:/Users/shaliniadal/.m2/repository/com/squareup/okio/okio/2.6.0/okio-2.6.0.jar:/Users/shaliniadal/.m2/repository/org/jetbrains/kotlin/kotlin-stdlib-common/1.3.70/kotlin-stdlib-common-1.3.70.jar:/Users/shaliniadal/.m2/repository/com/typesafe/netty/netty-reactive-streams/2.0.4/netty-reactive-streams-2.0.4.jar:/Users/shaliniadal/.m2/repository/io/netty/netty-handler/4.1.43.Final/netty-handler-4.1.43.Final.jar:/Users/shaliniadal/.m2/repository/org/reactivestreams/reactive-streams/1.0.3/reactive-streams-1.0.3.jar:/Users/shaliniadal/.m2/repository/io/grpc/grpc-context/1.28.0/grpc-context-1.28.0.jar:/Users/shaliniadal/.m2/repository/io/netty/netty-buffer/4.1.49.Final/netty-buffer-4.1.49.Final.jar:/Users/shaliniadal/.m2/repository/io/netty/netty-common/4.1.49.Final/netty-common-4.1.49.Final.jar:/Users/shaliniadal/.m2/repository/io/netty/netty-codec-http/4.1.49.Final/netty-codec-http-4.1.49.Final.jar:/Users/shaliniadal/.m2/repository/io/netty/netty-codec/4.1.49.Final/netty-codec-4.1.49.Final.jar:/Users/shaliniadal/.m2/repository/io/netty/netty-transport-native-epoll/4.1.49.Final/netty-transport-native-epoll-4.1.49.Final.jar:/Users/shaliniadal/.m2/repository/io/netty/netty-transport-native-epoll/4.1.49.Final/netty-transport-native-epoll-4.1.49.Final-linux-x86_64.jar:/Users/shaliniadal/.m2/repository/io/netty/netty-transport-native-kqueue/4.1.49.Final/netty-transport-native-kqueue-4.1.49.Final.jar:/Users/shaliniadal/.m2/repository/io/netty/netty-transport-native-kqueue/4.1.49.Final/netty-transport-native-kqueue-4.1.49.Final-osx-x86_64.jar:/Users/shaliniadal/.m2/repository/io/netty/netty-transport-native-unix-common/4.1.49.Final/netty-transport-native-unix-common-4.1.49.Final.jar:/Users/shaliniadal/.m2/repository/io/netty/netty-transport/4.1.49.Final/netty-transport-4.1.49.Final.jar:/Users/shaliniadal/.m2/repository/io/netty/netty-resolver/4.1.49.Final/netty-resolver-4.1.49.Final.jar:/Users/shaliniadal/.m2/repository/io/opentelemetry/opentelemetry-api/0.4.0/opentelemetry-api-0.4.0.jar:/Users/shaliniadal/.m2/repository/io/opentelemetry/opentelemetry-context-prop/0.4.0/opentelemetry-context-prop-0.4.0.jar:/Users/shaliniadal/.m2/repository/io/opentelemetry/opentelemetry-sdk/0.4.0/opentelemetry-sdk-0.4.0.jar:/Users/shaliniadal/.m2/repository/io/projectreactor/netty/reactor-netty/0.9.6.RELEASE/reactor-netty-0.9.6.RELEASE.jar:/Users/shaliniadal/.m2/repository/io/netty/netty-codec-http2/4.1.48.Final/netty-codec-http2-4.1.48.Final.jar:/Users/shaliniadal/.m2/repository/io/netty/netty-handler-proxy/4.1.48.Final/netty-handler-proxy-4.1.48.Final.jar:/Users/shaliniadal/.m2/repository/io/projectreactor/reactor-core/3.3.5.RELEASE/reactor-core-3.3.5.RELEASE.jar:/Users/shaliniadal/.m2/repository/net/bytebuddy/byte-buddy/1.10.9/byte-buddy-1.10.9.jar:/Users/shaliniadal/.m2/repository/org/apache/commons/commons-exec/1.3/commons-exec-1.3.jar:/Users/shaliniadal/.m2/repository/org/asynchttpclient/async-http-client/2.12.1/async-http-client-2.12.1.jar:/Users/shaliniadal/.m2/repository/org/asynchttpclient/async-http-client-netty-utils/2.12.1/async-http-client-netty-utils-2.12.1.jar:/Users/shaliniadal/.m2/repository/io/netty/netty-codec-socks/4.1.48.Final/netty-codec-socks-4.1.48.Final.jar:/Users/shaliniadal/.m2/repository/org/slf4j/slf4j-api/1.7.30/slf4j-api-1.7.30.jar:/Users/shaliniadal/.m2/repository/com/sun/activation/javax.activation/1.2.0/javax.activation-1.2.0.jar:/Users/shaliniadal/.m2/repository/org/seleniumhq/selenium/selenium-safari-driver/4.0.0-alpha-6/selenium-safari-driver-4.0.0-alpha-6.jar:/Users/shaliniadal/.m2/repository/org/seleniumhq/selenium/selenium-support/4.0.0-alpha-6/selenium-support-4.0.0-alpha-6.jar:/Users/shaliniadal/.m2/repository/org/apache/poi/poi/4.1.2/poi-4.1.2.jar:/Users/shaliniadal/.m2/repository/commons-codec/commons-codec/1.13/commons-codec-1.13.jar:/Users/shaliniadal/.m2/repository/org/apache/commons/commons-collections4/4.4/commons-collections4-4.4.jar:/Users/shaliniadal/.m2/repository/org/apache/commons/commons-math3/3.6.1/commons-math3-3.6.1.jar:/Users/shaliniadal/.m2/repository/com/zaxxer/SparseBitSet/1.2/SparseBitSet-1.2.jar:/Users/shaliniadal/.m2/repository/org/apache/poi/poi-ooxml/4.1.2/poi-ooxml-4.1.2.jar:/Users/shaliniadal/.m2/repository/org/apache/commons/commons-compress/1.19/commons-compress-1.19.jar:/Users/shaliniadal/.m2/repository/com/github/virtuald/curvesapi/1.06/curvesapi-1.06.jar:/Users/shaliniadal/.m2/repository/org/apache/poi/poi-ooxml-schemas/4.1.2/poi-ooxml-schemas-4.1.2.jar:/Users/shaliniadal/.m2/repository/org/apache/xmlbeans/xmlbeans/3.1.0/xmlbeans-3.1.0.jar:"/>
    <property name="sun.cpu.endian" value="little"/>
    <property name="user.home" value="/Users/shaliniadal"/>
    <property name="user.language" value="en"/>
    <property name="java.specification.vendor" value="Oracle Corporation"/>
    <property name="java.version.date" value="2019-04-16"/>
    <property name="java.home" value="/Library/Java/JavaVirtualMachines/jdk-11.0.3.jdk/Contents/Home"/>
    <property name="file.separator" value="/"/>
    <property name="basedir" value="/Users/shaliniadal/workspace/MavenTest"/>
    <property name="java.vm.compressedOopsMode" value="Zero based"/>
    <property name="line.separator" value="&#10;"/>
    <property name="java.specification.name" value="Java Platform API Specification"/>
    <property name="java.vm.specification.vendor" value="Oracle Corporation"/>
    <property name="java.awt.graphicsenv" value="sun.awt.CGraphicsEnvironment"/>
    <property name="surefire.real.class.path" value="/Users/shaliniadal/workspace/MavenTest/target/surefire/surefirebooter6021106914228686600.jar"/>
    <property name="sun.management.compiler" value="HotSpot 64-Bit Tiered Compilers"/>
    <property name="ftp.nonProxyHosts" value="local|*.local|169.254/16|*.169.254/16"/>
    <property name="java.runtime.version" value="11.0.3+12-LTS"/>
    <property name="user.name" value="shaliniadal"/>
    <property name="path.separator" value=":"/>
    <property name="os.version" value="10.15.5"/>
    <property name="java.runtime.name" value="Java(TM) SE Runtime Environment"/>
    <property name="file.encoding" value="UTF-8"/>
    <property name="java.vm.name" value="Java HotSpot(TM) 64-Bit Server VM"/>
    <property name="java.vendor.version" value="18.9"/>
    <property name="localRepository" value="/Users/shaliniadal/.m2/repository"/>
    <property name="java.vendor.url.bug" value="http://bugreport.java.com/bugreport/"/>
    <property name="java.io.tmpdir" value="/var/folders/_q/cb87c0td54j_6x4vld_hdlgr0000gn/T/"/>
    <property name="java.version" value="11.0.3"/>
    <property name="user.dir" value="/Users/shaliniadal/workspace/MavenTest"/>
    <property name="os.arch" value="x86_64"/>
    <property name="java.vm.specification.name" value="Java Virtual Machine Specification"/>
    <property name="java.awt.printerjob" value="sun.lwawt.macosx.CPrinterJob"/>
    <property name="sun.os.patch.level" value="unknown"/>
    <property name="java.library.path" value="/Users/shaliniadal/Library/Java/Extensions:/Library/Java/Extensions:/Network/Library/Java/Extensions:/System/Library/Java/Extensions:/usr/lib/java:."/>
    <property name="java.vendor" value="Oracle Corporation"/>
    <property name="java.vm.info" value="mixed mode"/>
    <property name="java.vm.version" value="11.0.3+12-LTS"/>
    <property name="sun.io.unicode.encoding" value="UnicodeBig"/>
    <property name="java.class.version" value="55.0"/>
    <property name="socksNonProxyHosts" value="local|*.local|169.254/16|*.169.254/16"/>
  </properties>
  <testcase name="postJira" classname="org.imsa.APITest" time="0.003">
    <system-out><![CDATA[postJira
]]></system-out>
  </testcase>
  <testcase name="deleteTwitter" classname="org.imsa.APITest" time="0">
    <system-out><![CDATA[deleteTwitter
]]></system-out>
  </testcase>
  <testcase name="nativeAppAndroid" classname="org.imsa.AppiumTest" time="0.001">
    <system-out><![CDATA[nativeAppAndroid
]]></system-out>
  </testcase>
  <testcase name="nativeAppIos" classname="org.imsa.AppiumTest" time="0">
    <system-out><![CDATA[nativeAppIos
]]></system-out>
  </testcase>
  <testcase name="browserAutomation" classname="org.imsa.SeleniumTest" time="0.001">
    <system-out><![CDATA[browserAutomation
]]></system-out>
  </testcase>
  <testcase name="elementUI" classname="org.imsa.SeleniumTest" time="0">
    <system-out><![CDATA[elementUI
]]></system-out>
  </testcase>
</testsuite>