<?xml version="1.0" encoding="UTF-8"?>
<!-- Generated by org.testng.reporters.JUnitReportReporter -->
<testsuite hostname="SHALINIs-MBP" failures="0" tests="2" name="org.imsa.AppiumTest" time="0.000" errors="0" timestamp="2020-08-07T01:31:06 BST" skipped="0">
  <testcase classname="org.imsa.AppiumTest" name="nativeAppAndroid" time="0.000"/>
  <system-out/>
  <testcase classname="org.imsa.AppiumTest" name="nativeAppIos" time="0.000"/>
  <system-out/>
</testsuite> <!-- org.imsa.AppiumTest -->
