<?xml version="1.0" encoding="UTF-8"?>
<!-- Generated by org.testng.reporters.JUnitReportReporter -->
<testsuite hostname="SHALINIs-MBP" failures="0" tests="2" name="org.imsa.APITest" time="0.003" errors="0" timestamp="2020-08-07T01:31:06 BST" skipped="0">
  <testcase classname="org.imsa.APITest" name="deleteTwitter" time="0.001"/>
  <system-out/>
  <testcase classname="org.imsa.APITest" name="postJira" time="0.002"/>
  <system-out/>
</testsuite> <!-- org.imsa.APITest -->
